c:\users\user\onedrive\바탕 화면\국민대\학과공부\자료구조\project1\project1\debug\vc141.pdb
c:\users\user\onedrive\바탕 화면\국민대\학과공부\자료구조\project1\project1\debug\vc141.idb
c:\users\user\onedrive\바탕 화면\국민대\학과공부\자료구조\project1\project1\debug\20203350_ex567.obj
c:\users\user\onedrive\바탕 화면\국민대\학과공부\자료구조\project1\project1\debug\자료구조(학과공부).obj
c:\users\user\onedrive\바탕 화면\국민대\학과공부\자료구조\project1\project1\debug\20203350_quiz04.obj
c:\users\user\onedrive\바탕 화면\국민대\학과공부\자료구조\project1\project1\debug\hanoitowersolu.obj
c:\users\user\onedrive\바탕 화면\국민대\학과공부\자료구조\project1\project1\debug\8912.obj
c:\users\user\onedrive\바탕 화면\국민대\학과공부\자료구조\project1\project1\debug\20203350_ex0809.obj
c:\users\user\onedrive\바탕 화면\국민대\학과공부\자료구조\project1\project1\debug\20203350_ex16.obj
c:\users\user\onedrive\바탕 화면\국민대\학과공부\자료구조\project1\project1\debug\20203350_ex15.obj
c:\users\user\onedrive\바탕 화면\국민대\학과공부\자료구조\project1\project1\debug\queue.obj
c:\users\user\onedrive\바탕 화면\국민대\학과공부\자료구조\project1\project1\debug\stack.obj
c:\users\user\onedrive\바탕 화면\국민대\학과공부\자료구조\project1\project1\debug\20203350_ex11.obj
c:\users\user\onedrive\바탕 화면\국민대\학과공부\자료구조\project1\project1\debug\circular_queue.obj
c:\users\user\onedrive\바탕 화면\국민대\학과공부\자료구조\project1\project1\debug\circular_deck.obj
c:\users\user\onedrive\바탕 화면\국민대\학과공부\자료구조\project1\project1\debug\문자열 압축 프로그램(p.143 12번).obj
c:\users\user\onedrive\바탕 화면\국민대\학과공부\자료구조\project1\project1\debug\20203350_ex12.obj
c:\users\user\onedrive\바탕 화면\국민대\학과공부\자료구조\project1\debug\project1.exe
c:\users\user\onedrive\바탕 화면\국민대\학과공부\자료구조\project1\debug\project1.ilk
c:\users\user\onedrive\바탕 화면\국민대\학과공부\자료구조\project1\debug\project1.pdb
c:\users\user\onedrive\바탕 화면\국민대\학과공부\자료구조\project1\project1\debug\ex0809.obj
c:\users\user\onedrive\바탕 화면\국민대\학과공부\자료구조\project1\project1\debug\project1.tlog\cl.command.1.tlog
c:\users\user\onedrive\바탕 화면\국민대\학과공부\자료구조\project1\project1\debug\project1.tlog\cl.read.1.tlog
c:\users\user\onedrive\바탕 화면\국민대\학과공부\자료구조\project1\project1\debug\project1.tlog\cl.write.1.tlog
c:\users\user\onedrive\바탕 화면\국민대\학과공부\자료구조\project1\project1\debug\project1.tlog\link.command.1.tlog
c:\users\user\onedrive\바탕 화면\국민대\학과공부\자료구조\project1\project1\debug\project1.tlog\link.read.1.tlog
c:\users\user\onedrive\바탕 화면\국민대\학과공부\자료구조\project1\project1\debug\project1.tlog\link.write.1.tlog
